Determining if the pthread_create exist failed with the following output:
Change Dir: /home/pradeep/checkout/nvm-yuma/yuma/nvstream/cmake-build-debug/CMakeFiles/CMakeTmp

Run Build Command:"/usr/bin/make" "cmTC_2670a/fast"
/usr/bin/make -f CMakeFiles/cmTC_2670a.dir/build.make CMakeFiles/cmTC_2670a.dir/build
make[1]: Entering directory `/home/pradeep/checkout/nvm-yuma/yuma/nvstream/cmake-build-debug/CMakeFiles/CMakeTmp'
Building C object CMakeFiles/cmTC_2670a.dir/CheckSymbolExists.c.o
/usr/bin/cc   -fPIE   -o CMakeFiles/cmTC_2670a.dir/CheckSymbolExists.c.o   -c /home/pradeep/checkout/nvm-yuma/yuma/nvstream/cmake-build-debug/CMakeFiles/CMakeTmp/CheckSymbolExists.c
Linking C executable cmTC_2670a
/home/pradeep/installations/cmake-3.3.1-Linux-x86_64/bin/cmake -E cmake_link_script CMakeFiles/cmTC_2670a.dir/link.txt --verbose=1
/usr/bin/cc       CMakeFiles/cmTC_2670a.dir/CheckSymbolExists.c.o  -o cmTC_2670a -rdynamic 
CMakeFiles/cmTC_2670a.dir/CheckSymbolExists.c.o: In function `main':
CheckSymbolExists.c:(.text+0x1b): undefined reference to `pthread_create'
collect2: error: ld returned 1 exit status
make[1]: *** [cmTC_2670a] Error 1
make[1]: Leaving directory `/home/pradeep/checkout/nvm-yuma/yuma/nvstream/cmake-build-debug/CMakeFiles/CMakeTmp'
make: *** [cmTC_2670a/fast] Error 2

File /home/pradeep/checkout/nvm-yuma/yuma/nvstream/cmake-build-debug/CMakeFiles/CMakeTmp/CheckSymbolExists.c:
/* */
#include <pthread.h>

int main(int argc, char** argv)
{
  (void)argv;
#ifndef pthread_create
  return ((int*)(&pthread_create))[argc];
#else
  (void)argc;
  return 0;
#endif
}

Determining if the function pthread_create exists in the pthreads failed with the following output:
Change Dir: /home/pradeep/checkout/nvm-yuma/yuma/nvstream/cmake-build-debug/CMakeFiles/CMakeTmp

Run Build Command:"/usr/bin/make" "cmTC_41693/fast"
/usr/bin/make -f CMakeFiles/cmTC_41693.dir/build.make CMakeFiles/cmTC_41693.dir/build
make[1]: Entering directory `/home/pradeep/checkout/nvm-yuma/yuma/nvstream/cmake-build-debug/CMakeFiles/CMakeTmp'
Building C object CMakeFiles/cmTC_41693.dir/CheckFunctionExists.c.o
/usr/bin/cc   -DCHECK_FUNCTION_EXISTS=pthread_create -fPIE   -o CMakeFiles/cmTC_41693.dir/CheckFunctionExists.c.o   -c /home/pradeep/installations/cmake-3.3.1-Linux-x86_64/share/cmake-3.3/Modules/CheckFunctionExists.c
Linking C executable cmTC_41693
/home/pradeep/installations/cmake-3.3.1-Linux-x86_64/bin/cmake -E cmake_link_script CMakeFiles/cmTC_41693.dir/link.txt --verbose=1
/usr/bin/cc   -DCHECK_FUNCTION_EXISTS=pthread_create    CMakeFiles/cmTC_41693.dir/CheckFunctionExists.c.o  -o cmTC_41693 -rdynamic -lpthreads 
/usr/bin/ld: cannot find -lpthreads
collect2: error: ld returned 1 exit status
make[1]: *** [cmTC_41693] Error 1
make[1]: Leaving directory `/home/pradeep/checkout/nvm-yuma/yuma/nvstream/cmake-build-debug/CMakeFiles/CMakeTmp'
make: *** [cmTC_41693/fast] Error 2


